🎵 Initializing YouTube Music API…
   Constructor type: function YTMusic
✅ YouTube Music API ready (test search returned 20 results)

⏳ Global → https://kworb.net/spotify/country/global_weekly.html
   🎵 Resolving YTMusic IDs for 200 tracks…
      Progress: 25/200 (25 resolved, 0 from cache)
      Progress: 50/200 (50 resolved, 0 from cache)
      Progress: 75/200 (75 resolved, 0 from cache)
      Progress: 100/200 (100 resolved, 0 from cache)
      Progress: 125/200 (125 resolved, 0 from cache)
      Progress: 150/200 (150 resolved, 0 from cache)
      Progress: 175/200 (175 resolved, 0 from cache)
      Progress: 200/200 (200 resolved, 0 from cache)
   ✅ YTMusic: 200/200 resolved (0 cached, 200 total unique)
   ✅ 200 tracks → /home/quantavil/Documents/Project/Spotifx/src/lib/data/global.json

⏳ United States → https://kworb.net/spotify/country/us_weekly.html
   🎵 Resolving YTMusic IDs for 200 tracks…
      Progress: 25/200 (25 resolved, 23 from cache)
      Progress: 50/200 (50 resolved, 44 from cache)
      Progress: 75/200 (75 resolved, 58 from cache)
      Progress: 100/200 (100 resolved, 73 from cache)
      ⚠ No YTM result for: Fetty Wap Trap Queen
      ⚠ No YTM result for: Childish Gambino Les
      Progress: 125/200 (123 resolved, 88 from cache)
      Progress: 150/200 (148 resolved, 100 from cache)
      Progress: 175/200 (173 resolved, 110 from cache)
      Progress: 200/200 (198 resolved, 118 from cache)
   ✅ YTMusic: 198/200 resolved (118 cached, 282 total unique)
   ✅ 200 tracks → /home/quantavil/Documents/Project/Spotifx/src/lib/data/us.json

⏳ United Kingdom → https://kworb.net/spotify/country/gb_weekly.html
   🎵 Resolving YTMusic IDs for 200 tracks…
      Progress: 25/200 (25 resolved, 25 from cache)
      Progress: 50/200 (50 resolved, 44 from cache)
      Progress: 75/200 (75 resolved, 62 from cache)
      ⚠ No YTM result for: Harry Styles Carla's Song
      ⚠ No YTM result for: Harry Styles The Waiting Game
      Progress: 100/200 (98 resolved, 76 from cache)
      Progress: 125/200 (123 resolved, 92 from cache)
      Progress: 150/200 (148 resolved, 104 from cache)
      Progress: 175/200 (173 resolved, 116 from cache)
      Progress: 200/200 (197 resolved, 128 from cache)
   ✅ YTMusic: 197/200 resolved (128 cached, 354 total unique)
   ✅ 200 tracks → /home/quantavil/Documents/Project/Spotifx/src/lib/data/gb.json

⏳ India → https://kworb.net/spotify/country/in_weekly.html
   🎵 Resolving YTMusic IDs for 200 tracks…
      ⚠ No YTM result for: Arijit Singh Sitaare (From "Ikkis") (w/ White Noise Collectives, Amitabh Bhattacharya)
      Progress: 25/200 (24 resolved, 5 from cache)
      ⚠ No YTM result for: G. V. Prakash Mutta Kalakki (From "Youth") (w/ Ken Karunaas)
      Progress: 50/200 (48 resolved, 6 from cache)
      ⚠ No YTM result for: Sachet-Parampara Humsafar (From "Saiyaara") (w/ Sachet Tandon, Parampara Tandon, Irshad Kamil, Prashant Pandey)
      Progress: 75/200 (72 resolved, 8 from cache)
      ⚠ No YTM result for: Sooraj Santhosh Neelothi (From "Sirai") (w/ Chinmayi, Justin Prabhakaran, Sarathi)
      Progress: 100/200 (96 resolved, 9 from cache)
      Progress: 125/200 (121 resolved, 11 from cache)
      Progress: 150/200 (146 resolved, 14 from cache)
      Progress: 175/200 (171 resolved, 17 from cache)
      ⚠ No YTM result for: Jakes Bejoy Kaattuchembakam (From "Pallichattambi") (w/ Vishal Mishra, Aavani Malhar, Kaithapram)
      Progress: 200/200 (195 resolved, 20 from cache)
   ✅ YTMusic: 195/200 resolved (20 cached, 534 total unique)
   ✅ 200 tracks → /home/quantavil/Documents/Project/Spotifx/src/lib/data/in.json


🎉 Done! (534 unique YTMusic lookups cached)
